2025-12-11 13:32:58 [main] INFO  com.cobstack.app.DemoApplication - Starting DemoApplication v0.0.1-SNAPSHOT using Java 11.0.29 on e7d259914d46 with PID 1 (/app/app.jar started by root in /app)
2025-12-11 13:32:58 [main] INFO  com.cobstack.app.DemoApplication - No active profile set, falling back to 1 default profile: "default"
2025-12-11 13:32:59 [main] INFO  o.s.b.w.e.tomcat.TomcatWebServer - Tomcat initialized with port(s): 8080 (http)
2025-12-11 13:32:59 [main] INFO  o.a.catalina.core.StandardService - Starting service [Tomcat]
2025-12-11 13:32:59 [main] INFO  o.a.catalina.core.StandardEngine - Starting Servlet engine: [Apache Tomcat/9.0.83]
2025-12-11 13:32:59 [main] INFO  o.a.c.c.C.[Tomcat].[localhost].[/] - Initializing Spring embedded WebApplicationContext
2025-12-11 13:32:59 [main] INFO  o.s.b.w.s.c.ServletWebServerApplicationContext - Root WebApplicationContext: initialization completed in 674 ms
2025-12-11 13:32:59 [main] INFO  o.s.b.a.e.web.EndpointLinksResolver - Exposing 3 endpoint(s) beneath base path '/actuator'
2025-12-11 13:32:59 [main] INFO  o.s.b.w.e.tomcat.TomcatWebServer - Tomcat started on port(s): 8080 (http) with context path ''
2025-12-11 13:33:00 [main] INFO  com.cobstack.app.DemoApplication - Started DemoApplication in 1.469 seconds (JVM running for 1.696)
2025-12-11 13:33:18 [http-nio-8080-exec-1] INFO  o.a.c.c.C.[Tomcat].[localhost].[/] - Initializing Spring DispatcherServlet 'dispatcherServlet'
2025-12-11 13:33:18 [http-nio-8080-exec-1] INFO  o.s.web.servlet.DispatcherServlet - Initializing Servlet 'dispatcherServlet'
2025-12-11 13:33:18 [http-nio-8080-exec-1] INFO  o.s.web.servlet.DispatcherServlet - Completed initialization in 1 ms
2025-12-11 13:33:18 [http-nio-8080-exec-2] INFO  com.cobstack.app.DemoApplication - Hello From User 
This is a test log line Thu Dec 11 13:34:45 +04 2025
2025-12-11 09:41:29 [main] INFO  com.cobstack.app.DemoApplication - Starting DemoApplication v0.0.1-SNAPSHOT using Java 11.0.29 on 2d38f83bf8c7 with PID 1 (/app/app.jar started by root in /app)
2025-12-11 09:41:29 [main] INFO  com.cobstack.app.DemoApplication - No active profile set, falling back to 1 default profile: "default"
2025-12-11 09:41:30 [main] INFO  o.s.b.w.e.tomcat.TomcatWebServer - Tomcat initialized with port(s): 8080 (http)
2025-12-11 09:41:30 [main] INFO  o.a.catalina.core.StandardService - Starting service [Tomcat]
2025-12-11 09:41:30 [main] INFO  o.a.catalina.core.StandardEngine - Starting Servlet engine: [Apache Tomcat/9.0.83]
2025-12-11 09:41:30 [main] INFO  o.a.c.c.C.[Tomcat].[localhost].[/] - Initializing Spring embedded WebApplicationContext
2025-12-11 09:41:30 [main] INFO  o.s.b.w.s.c.ServletWebServerApplicationContext - Root WebApplicationContext: initialization completed in 804 ms
2025-12-11 09:41:30 [main] INFO  o.s.b.a.e.web.EndpointLinksResolver - Exposing 3 endpoint(s) beneath base path '/actuator'
2025-12-11 09:41:30 [main] INFO  o.s.b.w.e.tomcat.TomcatWebServer - Tomcat started on port(s): 8080 (http) with context path ''
2025-12-11 09:41:30 [main] INFO  com.cobstack.app.DemoApplication - Started DemoApplication in 1.685 seconds (JVM running for 2.008)
2025-12-11 09:41:36 [http-nio-8080-exec-1] INFO  o.a.c.c.C.[Tomcat].[localhost].[/] - Initializing Spring DispatcherServlet 'dispatcherServlet'
2025-12-11 09:41:36 [http-nio-8080-exec-1] INFO  o.s.web.servlet.DispatcherServlet - Initializing Servlet 'dispatcherServlet'
2025-12-11 09:41:36 [http-nio-8080-exec-1] INFO  o.s.web.servlet.DispatcherServlet - Completed initialization in 1 ms
2025-12-11 09:42:10 [http-nio-8080-exec-4] INFO  com.cobstack.app.DemoApplication - Hello From Root 
2025-12-11 09:43:25 [main] INFO  com.cobstack.app.DemoApplication - Starting DemoApplication v0.0.1-SNAPSHOT using Java 11.0.29 on 84ec1295e321 with PID 1 (/app/app.jar started by root in /app)
2025-12-11 09:43:25 [main] INFO  com.cobstack.app.DemoApplication - No active profile set, falling back to 1 default profile: "default"
2025-12-11 09:43:26 [main] INFO  o.s.b.w.e.tomcat.TomcatWebServer - Tomcat initialized with port(s): 8080 (http)
2025-12-11 09:43:26 [main] INFO  o.a.catalina.core.StandardService - Starting service [Tomcat]
2025-12-11 09:43:26 [main] INFO  o.a.catalina.core.StandardEngine - Starting Servlet engine: [Apache Tomcat/9.0.83]
2025-12-11 09:43:26 [main] INFO  o.a.c.c.C.[Tomcat].[localhost].[/] - Initializing Spring embedded WebApplicationContext
2025-12-11 09:43:26 [main] INFO  o.s.b.w.s.c.ServletWebServerApplicationContext - Root WebApplicationContext: initialization completed in 828 ms
2025-12-11 09:43:27 [main] INFO  o.s.b.a.e.web.EndpointLinksResolver - Exposing 3 endpoint(s) beneath base path '/actuator'
2025-12-11 09:43:27 [main] INFO  o.s.b.w.e.tomcat.TomcatWebServer - Tomcat started on port(s): 8080 (http) with context path ''
2025-12-11 09:43:27 [main] INFO  com.cobstack.app.DemoApplication - Started DemoApplication in 1.654 seconds (JVM running for 1.971)
2025-12-11 09:43:31 [http-nio-8080-exec-1] INFO  o.a.c.c.C.[Tomcat].[localhost].[/] - Initializing Spring DispatcherServlet 'dispatcherServlet'
2025-12-11 09:43:31 [http-nio-8080-exec-1] INFO  o.s.web.servlet.DispatcherServlet - Initializing Servlet 'dispatcherServlet'
2025-12-11 09:43:31 [http-nio-8080-exec-1] INFO  o.s.web.servlet.DispatcherServlet - Completed initialization in 1 ms

2025-12-11 09:52:11 [http-nio-8080-exec-10] INFO  com.cobstack.app.DemoApplication - Hello From Root 
2025-12-11 09:52:12 [http-nio-8080-exec-9] INFO  com.cobstack.app.DemoApplication - Hello From Root 
2025-12-11 09:57:29 [main] INFO  com.cobstack.app.DemoApplication - Starting DemoApplication v0.0.1-SNAPSHOT using Java 11.0.29 on f5faeb4e4b65 with PID 1 (/app/app.jar started by root in /app)
2025-12-11 09:57:29 [main] INFO  com.cobstack.app.DemoApplication - No active profile set, falling back to 1 default profile: "default"
2025-12-11 09:57:30 [main] INFO  o.s.b.w.e.tomcat.TomcatWebServer - Tomcat initialized with port(s): 8080 (http)
2025-12-11 09:57:30 [main] INFO  o.a.catalina.core.StandardService - Starting service [Tomcat]
2025-12-11 09:57:30 [main] INFO  o.a.catalina.core.StandardEngine - Starting Servlet engine: [Apache Tomcat/9.0.83]
2025-12-11 09:57:30 [main] INFO  o.a.c.c.C.[Tomcat].[localhost].[/] - Initializing Spring embedded WebApplicationContext
2025-12-11 09:57:30 [main] INFO  o.s.b.w.s.c.ServletWebServerApplicationContext - Root WebApplicationContext: initialization completed in 793 ms
2025-12-11 09:57:30 [main] INFO  o.s.b.a.e.web.EndpointLinksResolver - Exposing 3 endpoint(s) beneath base path '/actuator'
2025-12-11 09:57:30 [main] INFO  o.s.b.w.e.tomcat.TomcatWebServer - Tomcat started on port(s): 8080 (http) with context path ''
2025-12-11 09:57:30 [main] INFO  com.cobstack.app.DemoApplication - Started DemoApplication in 1.651 seconds (JVM running for 1.954)
2025-12-11 09:57:45 [http-nio-8080-exec-1] INFO  o.a.c.c.C.[Tomcat].[localhost].[/] - Initializing Spring DispatcherServlet 'dispatcherServlet'
2025-12-11 09:57:45 [http-nio-8080-exec-1] INFO  o.s.web.servlet.DispatcherServlet - Initializing Servlet 'dispatcherServlet'
2025-12-11 09:57:45 [http-nio-8080-exec-1] INFO  o.s.web.servlet.DispatcherServlet - Completed initialization in 0 ms
2025-12-11 09:59:19 [main] INFO  com.cobstack.app.DemoApplication - Starting DemoApplication v0.0.1-SNAPSHOT using Java 11.0.29 on e09938d3277c with PID 1 (/app/app.jar started by root in /app)
2025-12-11 09:59:19 [main] INFO  com.cobstack.app.DemoApplication - No active profile set, falling back to 1 default profile: "default"
2025-12-11 09:59:20 [main] INFO  o.s.b.w.e.tomcat.TomcatWebServer - Tomcat initialized with port(s): 8080 (http)
2025-12-11 09:59:20 [main] INFO  o.a.catalina.core.StandardService - Starting service [Tomcat]
2025-12-11 09:59:20 [main] INFO  o.a.catalina.core.StandardEngine - Starting Servlet engine: [Apache Tomcat/9.0.83]
2025-12-11 09:59:20 [main] INFO  o.a.c.c.C.[Tomcat].[localhost].[/] - Initializing Spring embedded WebApplicationContext
2025-12-11 09:59:20 [main] INFO  o.s.b.w.s.c.ServletWebServerApplicationContext - Root WebApplicationContext: initialization completed in 778 ms
2025-12-11 09:59:20 [main] INFO  o.s.b.a.e.web.EndpointLinksResolver - Exposing 3 endpoint(s) beneath base path '/actuator'
2025-12-11 09:59:20 [main] INFO  o.s.b.w.e.tomcat.TomcatWebServer - Tomcat started on port(s): 8080 (http) with context path ''
2025-12-11 09:59:20 [main] INFO  com.cobstack.app.DemoApplication - Started DemoApplication in 1.593 seconds (JVM running for 1.937)
2025-12-11 09:59:33 [http-nio-8080-exec-1] INFO  o.a.c.c.C.[Tomcat].[localhost].[/] - Initializing Spring DispatcherServlet 'dispatcherServlet'
2025-12-11 09:59:33 [http-nio-8080-exec-1] INFO  o.s.web.servlet.DispatcherServlet - Initializing Servlet 'dispatcherServlet'
2025-12-11 09:59:33 [http-nio-8080-exec-1] INFO  o.s.web.servlet.DispatcherServlet - Completed initialization in 1 ms
2025-12-11 10:02:18 [http-nio-8080-exec-2] INFO  com.cobstack.app.DemoApplication - Hello From Root 
2025-12-11 13:30:49 [main] INFO  com.cobstack.app.DemoApplication - Starting DemoApplication v0.0.1-SNAPSHOT using Java 11.0.29 on e09938d3277c with PID 1 (/app/app.jar started by root in /app)
2025-12-11 13:30:49 [main] INFO  com.cobstack.app.DemoApplication - No active profile set, falling back to 1 default profile: "default"
2025-12-11 13:30:50 [main] INFO  o.s.b.w.e.tomcat.TomcatWebServer - Tomcat initialized with port(s): 8080 (http)
2025-12-11 13:30:50 [main] INFO  o.a.catalina.core.StandardService - Starting service [Tomcat]
2025-12-11 13:30:50 [main] INFO  o.a.catalina.core.StandardEngine - Starting Servlet engine: [Apache Tomcat/9.0.83]
2025-12-11 13:30:50 [main] INFO  o.a.c.c.C.[Tomcat].[localhost].[/] - Initializing Spring embedded WebApplicationContext
2025-12-11 13:30:50 [main] INFO  o.s.b.w.s.c.ServletWebServerApplicationContext - Root WebApplicationContext: initialization completed in 1046 ms
2025-12-11 13:30:51 [main] INFO  o.s.b.a.e.web.EndpointLinksResolver - Exposing 3 endpoint(s) beneath base path '/actuator'
2025-12-11 13:30:51 [main] INFO  o.s.b.w.e.tomcat.TomcatWebServer - Tomcat started on port(s): 8080 (http) with context path ''
2025-12-11 13:30:51 [main] INFO  com.cobstack.app.DemoApplication - Started DemoApplication in 2.254 seconds (JVM running for 2.814)
2025-12-11 13:31:03 [http-nio-8080-exec-1] INFO  o.a.c.c.C.[Tomcat].[localhost].[/] - Initializing Spring DispatcherServlet 'dispatcherServlet'
2025-12-11 13:31:03 [http-nio-8080-exec-1] INFO  o.s.web.servlet.DispatcherServlet - Initializing Servlet 'dispatcherServlet'
2025-12-11 13:31:03 [http-nio-8080-exec-1] INFO  o.s.web.servlet.DispatcherServlet - Completed initialization in 1 ms
2025-12-11 13:40:13 [http-nio-8080-exec-8] INFO  com.cobstack.app.DemoApplication - Hello From Root 
